[00:00:04] [Async Chat Thread - #39/INFO]: [Not Secure] <KedZoka> farmear varitas
[00:01:34] [Async Chat Thread - #41/INFO]: [Not Secure] <KedZoka> cuantas lleva
[00:01:44] [Async Chat Thread - #41/INFO]: [Not Secure] <monedas> NINGUNA
[00:01:49] [Async Chat Thread - #41/INFO]: [Not Secure] <KedZoka> Xd yo 3
[00:01:55] [Server thread/INFO]: [Not Secure] [Server] siuuu
[00:01:56] [Async Chat Thread - #41/INFO]: [Not Secure] <monedas> no e podido hagaerar
[00:02:01] [Server thread/INFO]: monedas has made the advancement [Into Fire]
[00:02:05] [Async Chat Thread - #42/INFO]: [Not Secure] <KedZoka> ahora si
[00:03:59] [Async Chat Thread - #43/INFO]: [Not Secure] <KedZoka> pa arriba
[00:04:38] [Async Chat Thread - #43/INFO]: [Not Secure] <monedas> farmeamos o seguimos
[00:04:47] [Async Chat Thread - #43/INFO]: [Not Secure] <KedZoka> quiero 5 varitas
[00:04:51] [Async Chat Thread - #43/INFO]: [Not Secure] <KedZoka> falta 1
[00:05:01] [Async Chat Thread - #43/INFO]: [Not Secure] <KedZoka> XD
[00:05:05] [Async Chat Thread - #43/INFO]: [Not Secure] <monedas> jaja
[00:06:34] [Async Chat Thread - #45/INFO]: [Not Secure] <KedZoka> como la vio
[00:06:41] [Async Chat Thread - #45/INFO]: [Not Secure] <monedas> buenaa
[00:06:44] [Async Chat Thread - #45/INFO]: [Not Secure] <KedZoka> XDD
[00:06:45] [Async Chat Thread - #45/INFO]: [Not Secure] <monedas> que tiro
[00:06:48] [Async Chat Thread - #45/INFO]: [Not Secure] <KedZoka> real
[00:07:04] [Async Chat Thread - #45/INFO]: [Not Secure] <monedas> xd
[00:07:08] [Async Chat Thread - #45/INFO]: [Not Secure] <KedZoka> mentira fue la de piedra la que tiro
[00:07:18] [Async Chat Thread - #45/INFO]: [Not Secure] <KedZoka> llevese esto
[00:08:05] [Async Chat Thread - #45/INFO]: [Not Secure] <KedZoka> carbon lol
[00:08:26] [Async Chat Thread - #45/INFO]: [Not Secure] <KedZoka> uy
[00:08:39] [Async Chat Thread - #45/INFO]: [Not Secure] <monedas> ñero casi me caigo
[00:08:44] [Async Chat Thread - #45/INFO]: [Not Secure] <KedZoka> JAJAJA x2
[00:09:57] [Async Chat Thread - #47/INFO]: [Not Secure] <KedZoka> vamos pa la casa que me voy
[00:10:12] [Async Chat Thread - #47/INFO]: [Not Secure] <KedZoka> NOOOO
[00:10:13] [Server thread/INFO]: KedZoka tried to swim in lava
[00:10:19] [Server thread/INFO]: monedas tried to swim in lava
[00:10:25] [Async Chat Thread - #47/INFO]: [Not Secure] <KedZoka> XD
[00:10:29] [Async Chat Thread - #47/INFO]: [Not Secure] <monedas> fueouta
[00:10:36] [Async Chat Thread - #47/INFO]: [Not Secure] <monedas> jaja
[00:10:40] [Async Chat Thread - #47/INFO]: [Not Secure] <monedas> xd
[00:10:40] [Async Chat Thread - #47/INFO]: [Not Secure] <KedZoka> XD ahora nos toca volver si o si
[00:10:57] [Async Chat Thread - #47/INFO]: [Not Secure] <KedZoka> speedrurn
[00:11:15] [Async Chat Thread - #47/INFO]: [Not Secure] <KedZoka> perfecto
[00:11:26] [Async Chat Thread - #47/INFO]: [Not Secure] <KedZoka> What
[00:11:52] [Server thread/INFO]: monedas was slain by Zombified Piglin
[00:11:59] [Async Chat Thread - #47/INFO]: [Not Secure] <KedZoka> mk XD
[00:12:08] [Async Chat Thread - #47/INFO]: [Not Secure] <KedZoka> vamos
[00:12:18] [Async Chat Thread - #47/INFO]: [Not Secure] <monedas> sis
